<?xml version="1.0" encoding="UTF-8"?>
<!-- Generated by org.testng.reporters.JUnitReportReporter -->
<testsuite hostname="DESKTOP-EAC00NF" failures="0" tests="1" name="com.coach.C1" time="6.940" errors="0" timestamp="2024-11-04T18:08:21 IST" skipped="0">
  <testcase classname="com.coach.C1" name="run" time="6.940"/>
</testsuite> <!-- com.coach.C1 -->
