<?xml version="1.0" encoding="UTF-8"?>
<!-- Generated by org.testng.reporters.JUnitReportReporter -->
<testsuite hostname="DESKTOP-EAC00NF" failures="0" tests="1" name="com.coach.C2" time="13.888" errors="0" timestamp="2024-11-06T13:01:26 IST" skipped="0">
  <testcase classname="com.coach.C2" name="run" time="13.888"/>
</testsuite> <!-- com.coach.C2 -->
